<?xml version="1.0" encoding="UTF-8"?>
<Site BuildName="(empty)"
	BuildStamp="20240820-0702-Experimental"
	Name="dars-Katana-GF66-11UE"
	Generator="ctest-3.26.4"
	CompilerName="/usr/bin/c++"
	CompilerVersion="9.4.0"
	OSName="Linux"
	Hostname="dars-Katana-GF66-11UE"
	OSRelease="5.15.0-117-generic"
	OSVersion="#127~20.04.1-Ubuntu SMP Thu Jul 11 15:36:12 UTC 2024"
	OSPlatform="x86_64"
	Is64Bits="1"
	VendorString="GenuineIntel"
	VendorID="Intel Corporation"
	FamilyID="6"
	ModelID="141"
	ProcessorCacheSize="24576"
	NumberOfLogicalCPU="16"
	NumberOfPhysicalCPU="8"
	TotalVirtualMemory="18431"
	TotalPhysicalMemory="15689"
	LogicalProcessorsPerPhysical="2"
	ProcessorClockFrequency="2200"
	>
	<Testing>
		<StartDateTime>Aug 20 16:27 JST</StartDateTime>
		<StartTestTime>1724138846</StartTestTime>
		<TestList/>
		<EndDateTime>Aug 20 16:27 JST</EndDateTime>
		<EndTestTime>1724138846</EndTestTime>
		<ElapsedMinutes>0</ElapsedMinutes>
	</Testing>
</Site>
